# JRE version: Java(TM) SE Runtime Environment (8.0_241-b07) (build 1.8.0_241-b07)
# Java VM: Java HotSpot(TM) 64-Bit Server VM (25.241-b07 mixed mode windows-amd64 compressed oops)
Heap:
 PSYoungGen      total 487936K, used 269796K [0x000000076b500000, 0x0000000792500000, 0x00000007c0000000)
  eden space 472064K, 57% used [0x000000076b500000,0x000000077bc790b0,0x0000000788200000)
  from space 15872K, 0% used [0x0000000788200000,0x0000000788200000,0x0000000789180000)
  to   space 18944K, 0% used [0x0000000791280000,0x0000000791280000,0x0000000792500000)
 ParOldGen       total 140800K, used 35260K [0x00000006c1e00000, 0x00000006ca780000, 0x000000076b500000)
  object space 140800K, 25% used [0x00000006c1e00000,0x00000006c406f0d0,0x00000006ca780000)
 Metaspace       used 63796K, capacity 66347K, committed 66580K, reserved 1107968K
  class space    used 8296K, capacity 8724K, committed 8764K, reserved 1048576K
GC Heap History (10 events):
Event: 7.760 GC heap before
{Heap before GC invocations=8 (full 1):
 PSYoungGen      total 261120K, used 64360K [0x000000076b500000, 0x000000077c100000, 0x00000007c0000000)
  eden space 250880K, 21% used [0x000000076b500000,0x000000076e9dfab0,0x000000077aa00000)
  from space 10240K, 99% used [0x000000077b680000,0x000000077c07a7e0,0x000000077c080000)
  to   space 11776K, 0% used [0x000000077aa00000,0x000000077aa00000,0x000000077b580000)
 ParOldGen       total 74240K, used 5494K [0x00000006c1e00000, 0x00000006c6680000, 0x000000076b500000)
  object space 74240K, 7% used [0x00000006c1e00000,0x00000006c235d930,0x00000006c6680000)
 Metaspace       used 33784K, capacity 35256K, committed 35416K, reserved 1079296K
  class space    used 4357K, capacity 4618K, committed 4736K, reserved 1048576K
Event: 7.782 GC heap after
Heap after GC invocations=8 (full 1):
 PSYoungGen      total 262656K, used 11769K [0x000000076b500000, 0x000000078a180000, 0x00000007c0000000)
  eden space 250880K, 0% used [0x000000076b500000,0x000000076b500000,0x000000077aa00000)
  from space 11776K, 99% used [0x000000077aa00000,0x000000077b57e598,0x000000077b580000)
  to   space 14336K, 0% used [0x0000000789380000,0x0000000789380000,0x000000078a180000)
 ParOldGen       total 74240K, used 7267K [0x00000006c1e00000, 0x00000006c6680000, 0x000000076b500000)
  object space 74240K, 9% used [0x00000006c1e00000,0x00000006c2518d70,0x00000006c6680000)
 Metaspace       used 33784K, capacity 35256K, committed 35416K, reserved 1079296K
  class space    used 4357K, capacity 4618K, committed 4736K, reserved 1048576K
}
Event: 7.782 GC heap before
{Heap before GC invocations=9 (full 2):
 PSYoungGen      total 262656K, used 11769K [0x000000076b500000, 0x000000078a180000, 0x00000007c0000000)
  eden space 250880K, 0% used [0x000000076b500000,0x000000076b500000,0x000000077aa00000)
  from space 11776K, 99% used [0x000000077aa00000,0x000000077b57e598,0x000000077b580000)
  to   space 14336K, 0% used [0x0000000789380000,0x0000000789380000,0x000000078a180000)
 ParOldGen       total 74240K, used 7267K [0x00000006c1e00000, 0x00000006c6680000, 0x000000076b500000)
  object space 74240K, 9% used [0x00000006c1e00000,0x00000006c2518d70,0x00000006c6680000)
 Metaspace       used 33784K, capacity 35256K, committed 35416K, reserved 1079296K
  class space    used 4357K, capacity 4618K, committed 4736K, reserved 1048576K
Event: 7.921 GC heap after
Heap after GC invocations=9 (full 2):
 PSYoungGen      total 262656K, used 0K [0x000000076b500000, 0x000000078a180000, 0x00000007c0000000)
  eden space 250880K, 0% used [0x000000076b500000,0x000000076b500000,0x000000077aa00000)
  from space 11776K, 0% used [0x000000077aa00000,0x000000077aa00000,0x000000077b580000)
  to   space 14336K, 0% used [0x0000000789380000,0x0000000789380000,0x000000078a180000)
 ParOldGen       total 104960K, used 18144K [0x00000006c1e00000, 0x00000006c8480000, 0x000000076b500000)
  object space 104960K, 17% used [0x00000006c1e00000,0x00000006c2fb8018,0x00000006c8480000)
 Metaspace       used 33784K, capacity 35256K, committed 35416K, reserved 1079296K
  class space    used 4357K, capacity 4618K, committed 4736K, reserved 1048576K
}
Event: 12.055 GC heap before
{Heap before GC invocations=10 (full 2):
 PSYoungGen      total 262656K, used 250880K [0x000000076b500000, 0x000000078a180000, 0x00000007c0000000)
  eden space 250880K, 100% used [0x000000076b500000,0x000000077aa00000,0x000000077aa00000)
  from space 11776K, 0% used [0x000000077aa00000,0x000000077aa00000,0x000000077b580000)
  to   space 14336K, 0% used [0x0000000789380000,0x0000000789380000,0x000000078a180000)
 ParOldGen       total 104960K, used 18144K [0x00000006c1e00000, 0x00000006c8480000, 0x000000076b500000)
  object space 104960K, 17% used [0x00000006c1e00000,0x00000006c2fb8018,0x00000006c8480000)
 Metaspace       used 45624K, capacity 47274K, committed 47448K, reserved 1091584K
  class space    used 5950K, capacity 6261K, committed 6272K, reserved 1048576K
Event: 12.068 GC heap after
Heap after GC invocations=10 (full 2):
 PSYoungGen      total 443904K, used 13363K [0x000000076b500000, 0x000000078a100000, 0x00000007c0000000)
  eden space 430080K, 0% used [0x000000076b500000,0x000000076b500000,0x0000000785900000)
  from space 13824K, 96% used [0x0000000789380000,0x000000078a08cdc8,0x000000078a100000)
  to   space 15872K, 0% used [0x0000000788200000,0x0000000788200000,0x0000000789180000)
 ParOldGen       total 104960K, used 18152K [0x00000006c1e00000, 0x00000006c8480000, 0x000000076b500000)
  object space 104960K, 17% used [0x00000006c1e00000,0x00000006c2fba018,0x00000006c8480000)
 Metaspace       used 45624K, capacity 47274K, committed 47448K, reserved 1091584K
  class space    used 5950K, capacity 6261K, committed 6272K, reserved 1048576K
}
Event: 14.785 GC heap before
{Heap before GC invocations=11 (full 2):
 PSYoungGen      total 443904K, used 282739K [0x000000076b500000, 0x000000078a100000, 0x00000007c0000000)
  eden space 430080K, 62% used [0x000000076b500000,0x000000077bc101f8,0x0000000785900000)
  from space 13824K, 96% used [0x0000000789380000,0x000000078a08cdc8,0x000000078a100000)
  to   space 15872K, 0% used [0x0000000788200000,0x0000000788200000,0x0000000789180000)
 ParOldGen       total 104960K, used 18152K [0x00000006c1e00000, 0x00000006c8480000, 0x000000076b500000)
  object space 104960K, 17% used [0x00000006c1e00000,0x00000006c2fba018,0x00000006c8480000)
 Metaspace       used 56760K, capacity 58980K, committed 59028K, reserved 1099776K
  class space    used 7405K, capacity 7820K, committed 7868K, reserved 1048576K
Event: 14.808 GC heap after
Heap after GC invocations=11 (full 2):
 PSYoungGen      total 487936K, used 15845K [0x000000076b500000, 0x0000000792500000, 0x00000007c0000000)
  eden space 472064K, 0% used [0x000000076b500000,0x000000076b500000,0x0000000788200000)
  from space 15872K, 99% used [0x0000000788200000,0x0000000789179530,0x0000000789180000)
  to   space 18944K, 0% used [0x0000000791280000,0x0000000791280000,0x0000000792500000)
 ParOldGen       total 104960K, used 21291K [0x00000006c1e00000, 0x00000006c8480000, 0x000000076b500000)
  object space 104960K, 20% used [0x00000006c1e00000,0x00000006c32caf28,0x00000006c8480000)
 Metaspace       used 56760K, capacity 58980K, committed 59028K, reserved 1099776K
  class space    used 7405K, capacity 7820K, committed 7868K, reserved 1048576K
}
Event: 14.808 GC heap before
{Heap before GC invocations=12 (full 3):
 PSYoungGen      total 487936K, used 15845K [0x000000076b500000, 0x0000000792500000, 0x00000007c0000000)
  eden space 472064K, 0% used [0x000000076b500000,0x000000076b500000,0x0000000788200000)
  from space 15872K, 99% used [0x0000000788200000,0x0000000789179530,0x0000000789180000)
  to   space 18944K, 0% used [0x0000000791280000,0x0000000791280000,0x0000000792500000)
 ParOldGen       total 104960K, used 21291K [0x00000006c1e00000, 0x00000006c8480000, 0x000000076b500000)
  object space 104960K, 20% used [0x00000006c1e00000,0x00000006c32caf28,0x00000006c8480000)
 Metaspace       used 56760K, capacity 58980K, committed 59028K, reserved 1099776K
  class space    used 7405K, capacity 7820K, committed 7868K, reserved 1048576K
Event: 14.966 GC heap after
Heap after GC invocations=12 (full 3):
 PSYoungGen      total 487936K, used 0K [0x000000076b500000, 0x0000000792500000, 0x00000007c0000000)
  eden space 472064K, 0% used [0x000000076b500000,0x000000076b500000,0x0000000788200000)
  from space 15872K, 0% used [0x0000000788200000,0x0000000788200000,0x0000000789180000)
  to   space 18944K, 0% used [0x0000000791280000,0x0000000791280000,0x0000000792500000)
 ParOldGen       total 140800K, used 35260K [0x00000006c1e00000, 0x00000006ca780000, 0x000000076b500000)
  object space 140800K, 25% used [0x00000006c1e00000,0x00000006c406f0d0,0x00000006ca780000)
 Metaspace       used 56760K, capacity 58980K, committed 59028K, reserved 1099776K
  class space    used 7405K, capacity 7820K, committed 7868K, reserved 1048576K
}

